Booting simulator...
An error was encountered processing the command (domain=com.apple.CoreSimulator.SimError, code=405):
Unable to boot device in current state: Booted
Building app...
Command line invocation:
    /Applications/Xcode.app/Contents/Developer/usr/bin/xcodebuild -scheme kompass -destination "platform=iOS Simulator,id=81502B78-E72D-4F9F-8D78-FD90FF15F269" -derivedDataPath .build build

Resolve Package Graph
2026-02-11 05:07:38.054 xcodebuild[6646:91764] [MT] IDERunDestination: Supported platforms for the buildables in the current scheme is empty.


Resolved source packages:
  kompass: /Users/student/Desktop/Aadi Shah/kompass.swiftpm

ComputePackagePrebuildTargetDependencyGraph

Prepare packages

CreateBuildRequest

SendProjectDescription

CreateBuildOperation

ComputeTargetDependencyGraph
note: Building targets in dependency order
note: Target dependency graph (1 target)
    Target 'kompass' in project 'kompass' (no dependencies)

GatherProvisioningInputs

CreateBuildDescription

ClangStatCache /Applications/Xcode.app/Contents/Developer/Toolchains/XcodeDefault.xctoolchain/usr/bin/clang-stat-cache /Applications/Xcode.app/Contents/Developer/Platforms/iPhoneSimulator.platform/Developer/SDKs/iPhoneSimulator26.2.sdk /Users/student/Desktop/Aadi\ Shah/kompass.swiftpm/.build/SDKStatCaches.noindex/iphonesimulator26.2-23C53-7d00a8b37fbd7999ea79df8ebc024bf0.sdkstatcache
    cd /Users/student/Desktop/Aadi\ Shah/kompass.swiftpm/.swiftpm/xcode
    /Applications/Xcode.app/Contents/Developer/Toolchains/XcodeDefault.xctoolchain/usr/bin/clang-stat-cache /Applications/Xcode.app/Contents/Developer/Platforms/iPhoneSimulator.platform/Developer/SDKs/iPhoneSimulator26.2.sdk -o /Users/student/Desktop/Aadi\ Shah/kompass.swiftpm/.build/SDKStatCaches.noindex/iphonesimulator26.2-23C53-7d00a8b37fbd7999ea79df8ebc024bf0.sdkstatcache

ProcessProductPackaging "" /Users/student/Desktop/Aadi\ Shah/kompass.swiftpm/.build/Build/Intermediates.noindex/kompass.build/Debug-iphonesimulator/kompass.build/kompass.app-Simulated.xcent (in target 'kompass' from project 'kompass')
    cd /Users/student/Desktop/Aadi\ Shah/kompass.swiftpm
    
    Entitlements:
    
    {
    "application-identifier" = "FAKETEAMID.com.metaconfig.kompass";
}
    
    builtin-productPackagingUtility -entitlements -format xml -o /Users/student/Desktop/Aadi\ Shah/kompass.swiftpm/.build/Build/Intermediates.noindex/kompass.build/Debug-iphonesimulator/kompass.build/kompass.app-Simulated.xcent

ProcessProductPackagingDER /Users/student/Desktop/Aadi\ Shah/kompass.swiftpm/.build/Build/Intermediates.noindex/kompass.build/Debug-iphonesimulator/kompass.build/kompass.app-Simulated.xcent /Users/student/Desktop/Aadi\ Shah/kompass.swiftpm/.build/Build/Intermediates.noindex/kompass.build/Debug-iphonesimulator/kompass.build/kompass.app-Simulated.xcent.der (in target 'kompass' from project 'kompass')
    cd /Users/student/Desktop/Aadi\ Shah/kompass.swiftpm
    /usr/bin/derq query -f xml -i /Users/student/Desktop/Aadi\ Shah/kompass.swiftpm/.build/Build/Intermediates.noindex/kompass.build/Debug-iphonesimulator/kompass.build/kompass.app-Simulated.xcent -o /Users/student/Desktop/Aadi\ Shah/kompass.swiftpm/.build/Build/Intermediates.noindex/kompass.build/Debug-iphonesimulator/kompass.build/kompass.app-Simulated.xcent.der --raw

SwiftDriver kompass normal arm64 com.apple.xcode.tools.swift.compiler (in target 'kompass' from project 'kompass')
    cd /Users/student/Desktop/Aadi\ Shah/kompass.swiftpm/.swiftpm/xcode
    builtin-SwiftDriver -- /Applications/Xcode.app/Contents/Developer/Toolchains/XcodeDefault.xctoolchain/usr/bin/swiftc -module-name kompass -Onone -enforce-exclusivity\=checked @/Users/student/Desktop/Aadi\ Shah/kompass.swiftpm/.build/Build/Intermediates.noindex/kompass.build/Debug-iphonesimulator/kompass.build/Objects-normal/arm64/kompass.SwiftFileList -DSWIFT_PACKAGE -DDEBUG -DXcode -plugin-path /Applications/Xcode.app/Contents/Developer/Toolchains/XcodeDefault.xctoolchain/usr/lib/swift/host/plugins/testing -enable-experimental-feature DebugDescriptionMacro -sdk /Applications/Xcode.app/Contents/Developer/Platforms/iPhoneSimulator.platform/Developer/SDKs/iPhoneSimulator26.2.sdk -target arm64-apple-ios16.0-simulator -g -module-cache-path /Users/student/Desktop/Aadi\ Shah/kompass.swiftpm/.build/ModuleCache.noindex -Xfrontend -serialize-debugging-options -enable-testing -index-store-path /Users/student/Desktop/Aadi\ Shah/kompass.swiftpm/.build/Index.noindex/DataStore -Xcc -D_LIBCPP_HARDENING_MODE\=_LIBCPP_HARDENING_MODE_DEBUG -swift-version 6 -I /Users/student/Desktop/Aadi\ Shah/kompass.swiftpm/.build/Build/Products/Debug-iphonesimulator -Isystem /Applications/Xcode.app/Contents/Developer/Platforms/iPhoneSimulator.platform/Developer/usr/lib -F /Users/student/Desktop/Aadi\ Shah/kompass.swiftpm/.build/Build/Products/Debug-iphonesimulator -F /Applications/Xcode.app/Contents/Developer/Platforms/iPhoneSimulator.platform/Developer/Library/Frameworks -F /Applications/Xcode.app/Contents/Developer/Platforms/iPhoneSimulator.platform/Developer/SDKs/iPhoneSimulator26.2.sdk/Developer/Library/Frameworks -c -j8 -enable-batch-mode -incremental -Xcc -ivfsstatcache -Xcc /Users/student/Desktop/Aadi\ Shah/kompass.swiftpm/.build/SDKStatCaches.noindex/iphonesimulator26.2-23C53-7d00a8b37fbd7999ea79df8ebc024bf0.sdkstatcache -output-file-map /Users/student/Desktop/Aadi\ Shah/kompass.swiftpm/.build/Build/Intermediates.noindex/kompass.build/Debug-iphonesimulator/kompass.build/Objects-normal/arm64/kompass-OutputFileMap.json -use-frontend-parseable-output -save-temps -no-color-diagnostics -explicit-module-build -module-cache-path /Users/student/Desktop/Aadi\ Shah/kompass.swiftpm/.build/Build/Intermediates.noindex/SwiftExplicitPrecompiledModules -clang-scanner-module-cache-path /Users/student/Desktop/Aadi\ Shah/kompass.swiftpm/.build/ModuleCache.noindex -sdk-module-cache-path /Users/student/Desktop/Aadi\ Shah/kompass.swiftpm/.build/ModuleCache.noindex -serialize-diagnostics -emit-dependencies -emit-module -emit-module-path /Users/student/Desktop/Aadi\ Shah/kompass.swiftpm/.build/Build/Intermediates.noindex/kompass.build/Debug-iphonesimulator/kompass.build/Objects-normal/arm64/kompass.swiftmodule -validate-clang-modules-once -clang-build-session-file /Users/student/Desktop/Aadi\ Shah/kompass.swiftpm/.build/ModuleCache.noindex/Session.modulevalidation -package-name kompass_swiftpm -emit-const-values -Xfrontend -const-gather-protocols-file -Xfrontend /Users/student/Desktop/Aadi\ Shah/kompass.swiftpm/.build/Build/Intermediates.noindex/kompass.build/Debug-iphonesimulator/kompass.build/Objects-normal/arm64/kompass_const_extract_protocols.json -Xcc -I/Users/student/Desktop/Aadi\ Shah/kompass.swiftpm/.build/Build/Products/Debug-iphonesimulator/include -Xcc -I/Users/student/Desktop/Aadi\ Shah/kompass.swiftpm/.build/Build/Intermediates.noindex/kompass.build/Debug-iphonesimulator/kompass.build/DerivedSources-normal/arm64 -Xcc -I/Users/student/Desktop/Aadi\ Shah/kompass.swiftpm/.build/Build/Intermediates.noindex/kompass.build/Debug-iphonesimulator/kompass.build/DerivedSources/arm64 -Xcc -I/Users/student/Desktop/Aadi\ Shah/kompass.swiftpm/.build/Build/Intermediates.noindex/kompass.build/Debug-iphonesimulator/kompass.build/DerivedSources -Xcc -DSWIFT_PACKAGE -Xcc -DDEBUG\=1 -working-directory /Users/student/Desktop/Aadi\ Shah/kompass.swiftpm/.swiftpm/xcode -experimental-emit-module-separately -disable-cmo

SwiftEmitModule normal arm64 Emitting\ module\ for\ kompass (in target 'kompass' from project 'kompass')

EmitSwiftModule normal arm64 (in target 'kompass' from project 'kompass')
    cd /Users/student/Desktop/Aadi\ Shah/kompass.swiftpm/.swiftpm/xcode
    

SwiftCompile normal arm64 Compiling\ ContentView.swift /Users/student/Desktop/Aadi\ Shah/kompass.swiftpm/ContentView.swift (in target 'kompass' from project 'kompass')
SwiftCompile normal arm64 /Users/student/Desktop/Aadi\ Shah/kompass.swiftpm/ContentView.swift (in target 'kompass' from project 'kompass')
    cd /Users/student/Desktop/Aadi\ Shah/kompass.swiftpm/.swiftpm/xcode
    
/Users/student/Desktop/Aadi Shah/kompass.swiftpm/ContentView.swift:146:45: error: sending 'route' risks causing data races
                    self.routeSteps = route.steps
~~~~~~~~~~~~~~~~~~~~~~~~~~~~~~~~~~~~~~~~~~~~^~~~~
/Users/student/Desktop/Aadi Shah/kompass.swiftpm/ContentView.swift:146:45: note: task-isolated 'route' is captured by a nonisolated closure. nonisolated uses in closure may race against later nonisolated uses
                    self.routeSteps = route.steps
                                      ~~~~~~^~~~~

Failed frontend command:
/Applications/Xcode.app/Contents/Developer/Toolchains/XcodeDefault.xctoolchain/usr/bin/swift-frontend -frontend -c /Users/student/Desktop/Aadi\ Shah/kompass.swiftpm/.build/Build/Intermediates.noindex/kompass.build/Debug-iphonesimulator/kompass.build/DerivedSources/resource_bundle_accessor.swift -primary-file /Users/student/Desktop/Aadi\ Shah/kompass.swiftpm/ContentView.swift /Users/student/Desktop/Aadi\ Shah/kompass.swiftpm/Location.swift /Users/student/Desktop/Aadi\ Shah/kompass.swiftpm/LocationDetailView.swift /Users/student/Desktop/Aadi\ Shah/kompass.swiftpm/MapView.swift /Users/student/Desktop/Aadi\ Shah/kompass.swiftpm/MyApp.swift /Users/student/Desktop/Aadi\ Shah/kompass.swiftpm/.build/Build/Intermediates.noindex/kompass.build/Debug-iphonesimulator/kompass.build/DerivedSources/GeneratedAssetSymbols.swift -emit-dependencies-path /Users/student/Desktop/Aadi\ Shah/kompass.swiftpm/.build/Build/Intermediates.noindex/kompass.build/Debug-iphonesimulator/kompass.build/Objects-normal/arm64/ContentView.d -emit-const-values-path /Users/student/Desktop/Aadi\ Shah/kompass.swiftpm/.build/Build/Intermediates.noindex/kompass.build/Debug-iphonesimulator/kompass.build/Objects-normal/arm64/ContentView.swiftconstvalues -emit-reference-dependencies-path /Users/student/Desktop/Aadi\ Shah/kompass.swiftpm/.build/Build/Intermediates.noindex/kompass.build/Debug-iphonesimulator/kompass.build/Objects-normal/arm64/ContentView.swiftdeps -serialize-diagnostics-path /Users/student/Desktop/Aadi\ Shah/kompass.swiftpm/.build/Build/Intermediates.noindex/kompass.build/Debug-iphonesimulator/kompass.build/Objects-normal/arm64/ContentView.dia -target arm64-apple-ios16.0-simulator -module-can-import-version DeveloperToolsSupport 23.0.4 23.0.4 -module-can-import-version SwiftUI 7.2.5.1 7.2.5 -module-can-import-version UIKit 9126.2.4.1 9126.2.4 -disable-cross-import-overlay-search -swift-module-cross-import MapKit /Applications/Xcode.app/Contents/Developer/Platforms/iPhoneSimulator.platform/Developer/SDKs/iPhoneSimulator.sdk/System/Library/Frameworks/MapKit.framework/Modules/MapKit.swiftcrossimport/SwiftUI.swiftoverlay -load-resolved-plugin /Applications/Xcode.app/Contents/Developer/Platforms/iPhoneOS.platform/Developer/usr/lib/swift/host/plugins/libFoundationMacros.dylib\#/Applications/Xcode.app/Contents/Developer/Platforms/iPhoneOS.platform/Developer/usr/bin/swift-plugin-server\#FoundationMacros -load-resolved-plugin /Applications/Xcode.app/Contents/Developer/Platforms/iPhoneOS.platform/Developer/usr/lib/swift/host/plugins/libObservationMacros.dylib\#/Applications/Xcode.app/Contents/Developer/Platforms/iPhoneOS.platform/Developer/usr/bin/swift-plugin-server\#ObservationMacros -load-resolved-plugin /Applications/Xcode.app/Contents/Developer/Platforms/iPhoneOS.platform/Developer/usr/lib/swift/host/plugins/libPreviewsMacros.dylib\#/Applications/Xcode.app/Contents/Developer/Platforms/iPhoneOS.platform/Developer/usr/bin/swift-plugin-server\#PreviewsMacros -load-resolved-plugin /Applications/Xcode.app/Contents/Developer/Platforms/iPhoneOS.platform/Developer/usr/lib/swift/host/plugins/libSwiftMacros.dylib\#/Applications/Xcode.app/Contents/Developer/Platforms/iPhoneOS.platform/Developer/usr/bin/swift-plugin-server\#SwiftMacros -load-resolved-plugin /Applications/Xcode.app/Contents/Developer/Platforms/iPhoneOS.platform/Developer/usr/lib/swift/host/plugins/libSwiftUIMacros.dylib\#/Applications/Xcode.app/Contents/Developer/Platforms/iPhoneOS.platform/Developer/usr/bin/swift-plugin-server\#SwiftUIMacros -disable-implicit-swift-modules -Xcc -fno-implicit-modules -Xcc -fno-implicit-module-maps -explicit-swift-module-map-file /Users/student/Desktop/Aadi\ Shah/kompass.swiftpm/.build/Build/Intermediates.noindex/kompass.build/Debug-iphonesimulator/kompass.build/Objects-normal/arm64/kompass-dependencies-1.json -Xllvm -aarch64-use-tbi -enable-objc-interop -sdk /Applications/Xcode.app/Contents/Developer/Platforms/iPhoneSimulator.platform/Developer/SDKs/iPhoneSimulator26.2.sdk -I /Users/student/Desktop/Aadi\ Shah/kompass.swiftpm/.build/Build/Products/Debug-iphonesimulator -Isystem /Applications/Xcode.app/Contents/Developer/Platforms/iPhoneSimulator.platform/Developer/usr/lib -F /Users/student/Desktop/Aadi\ Shah/kompass.swiftpm/.build/Build/Products/Debug-iphonesimulator -F /Applications/Xcode.app/Contents/Developer/Platforms/iPhoneSimulator.platform/Developer/Library/Frameworks -F /Applications/Xcode.app/Contents/Developer/Platforms/iPhoneSimulator.platform/Developer/SDKs/iPhoneSimulator26.2.sdk/Developer/Library/Frameworks -no-color-diagnostics -Xcc -fno-color-diagnostics -enable-testing -g -debug-info-format\=dwarf -dwarf-version\=4 -module-cache-path /Users/student/Desktop/Aadi\ Shah/kompass.swiftpm/.build/Build/Intermediates.noindex/SwiftExplicitPrecompiledModules -swift-version 6 -enforce-exclusivity\=checked -Onone -D SWIFT_PACKAGE -D DEBUG -D Xcode -serialize-debugging-options -const-gather-protocols-file /Users/student/Desktop/Aadi\ Shah/kompass.swiftpm/.build/Build/Intermediates.noindex/kompass.build/Debug-iphonesimulator/kompass.build/Objects-normal/arm64/kompass_const_extract_protocols.json -enable-experimental-feature DebugDescriptionMacro -empty-abi-descriptor -validate-clang-modules-once -clang-build-session-file /Users/student/Desktop/Aadi\ Shah/kompass.swiftpm/.build/ModuleCache.noindex/Session.modulevalidation -Xcc -working-directory -Xcc /Users/student/Desktop/Aadi\ Shah/kompass.swiftpm/.swiftpm/xcode -enable-anonymous-context-mangled-names -file-compilation-dir /Users/student/Desktop/Aadi\ Shah/kompass.swiftpm/.swiftpm/xcode -Xcc -D_LIBCPP_HARDENING_MODE\=_LIBCPP_HARDENING_MODE_DEBUG -Xcc -ivfsstatcache -Xcc /Users/student/Desktop/Aadi\ Shah/kompass.swiftpm/.build/SDKStatCaches.noindex/iphonesimulator26.2-23C53-7d00a8b37fbd7999ea79df8ebc024bf0.sdkstatcache -Xcc -I/Users/student/Desktop/Aadi\ Shah/kompass.swiftpm/.build/Build/Products/Debug-iphonesimulator/include -Xcc -I/Users/student/Desktop/Aadi\ Shah/kompass.swiftpm/.build/Build/Intermediates.noindex/kompass.build/Debug-iphonesimulator/kompass.build/DerivedSources-normal/arm64 -Xcc -I/Users/student/Desktop/Aadi\ Shah/kompass.swiftpm/.build/Build/Intermediates.noindex/kompass.build/Debug-iphonesimulator/kompass.build/DerivedSources/arm64 -Xcc -I/Users/student/Desktop/Aadi\ Shah/kompass.swiftpm/.build/Build/Intermediates.noindex/kompass.build/Debug-iphonesimulator/kompass.build/DerivedSources -Xcc -DSWIFT_PACKAGE -Xcc -DDEBUG\=1 -no-auto-bridging-header-chaining -module-name kompass -package-name kompass_swiftpm -frontend-parseable-output -disable-clang-spi -target-sdk-version 26.2 -target-sdk-name iphonesimulator26.2 -clang-target arm64-apple-ios26.2-simulator -in-process-plugin-server-path /Applications/Xcode.app/Contents/Developer/Toolchains/XcodeDefault.xctoolchain/usr/lib/swift/host/libSwiftInProcPluginServer.dylib -o /Users/student/Desktop/Aadi\ Shah/kompass.swiftpm/.build/Build/Intermediates.noindex/kompass.build/Debug-iphonesimulator/kompass.build/Objects-normal/arm64/ContentView.o -index-unit-output-path /kompass.build/Debug-iphonesimulator/kompass.build/Objects-normal/arm64/ContentView.o -index-store-path /Users/student/Desktop/Aadi\ Shah/kompass.swiftpm/.build/Index.noindex/DataStore -index-system-modules
note: Disabling hardened runtime with ad-hoc codesigning. (in target 'kompass' from project 'kompass')
warning: Skipping duplicate build file in Compile Sources build phase: /Users/student/Desktop/Aadi Shah/kompass.swiftpm/Assets.xcassets (in target 'kompass' from project 'kompass')
** BUILD FAILED **


The following build commands failed:
	SwiftCompile normal arm64 /Users/student/Desktop/Aadi\ Shah/kompass.swiftpm/ContentView.swift (in target 'kompass' from project 'kompass')
	SwiftCompile normal arm64 Compiling\ ContentView.swift /Users/student/Desktop/Aadi\ Shah/kompass.swiftpm/ContentView.swift (in target 'kompass' from project 'kompass')
	Building workspace kompass with scheme kompass
(3 failures)
